1518068182039	geckodriver	INFO	geckodriver 0.19.1 (0000000000000000000000000000000000000000 2017-10-31)
1518068182065	geckodriver	INFO	Listening on 127.0.0.1:58714
1518068191778	geckodriver	INFO	geckodriver 0.19.1 (0000000000000000000000000000000000000000 2017-10-31)
1518068191800	geckodriver	INFO	Listening on 127.0.0.1:58750
1518068307876	geckodriver	INFO	geckodriver 0.19.1 (0000000000000000000000000000000000000000 2017-10-31)
1518068307897	geckodriver	INFO	Listening on 127.0.0.1:59206
1518068395998	geckodriver	INFO	geckodriver 0.19.1
1518068396019	geckodriver	INFO	Listening on 127.0.0.1:59498
1518068399077	mozrunner::runner	INFO	Running command: "C:\\Program Files\\Mozilla Firefox\\firefox.exe" "-marionette" "-profile" "C:\\Users\\I346330\\AppData\\Local\\Temp\\rust_mozprofile.Y0AowXnaF7Ld"
1518068399664	Marionette	INFO	Enabled via --marionette
1518068401502	Marionette	INFO	Listening on port 59517
1518068402210	Marionette	WARN	TLS certificate errors will be ignored for this session
Unable to read VR Path Registry from C:\Users\I346330\AppData\Local\openvr\openvrpaths.vrpath
JavaScript error: http://testlink.ariba.com/gui/javascript/multiselect_tree.js, line 78: TypeError: parent.treeframe is undefined
Unable to read VR Path Registry from C:\Users\I346330\AppData\Local\openvr\openvrpaths.vrpath
[Parent 6668, Gecko_IOThread] WARNING: pipe error: 109: file z:/build/build/src/ipc/chromium/src/chrome/common/ipc_channel_win.cc, line 346

###!!! [Child][MessageChannel::SendAndWait] Error: Channel error: cannot send/recv

2	Marionette	INFO	Enabled via --marionette
1518068488999	Marionette	INFO	Listening on port 59841
1518068489289	Marionette	WARN	TLS certificate errors will be ignored for this session
Unable to read VR Path Registry from C:\Users\I346330\AppData\Local\openvr\openvrpaths.vrpath
[Child 17756, Chrome_ChildThread] WARNING: pipe error: 109: file z:/build/build/src/ipc/chromium/src/chrome/common/ipc_channel_win.cc, line 346
Unable to read VR Path Registry from C:\Users\I346330\AppData\Local\openvr\openvrpaths.vrpath
[Child 6276, Chrome_ChildThread] WARNING: pipe error: 109: file z:/build/build/src/ipc/chromium/src/chrome/common/ipc_channel_win.cc, line 346
Unable to read VR Path Registry from C:\Users\I346330\AppData\Local\openvr\openvrpaths.vrpath
[Parent 9624, Gecko_IOThread] WARNING: pipe error: 109: file z:/build/build/src/ipc/chromium/src/chrome/common/ipc_channel_win.cc, line 346

###!!! [Child][MessageChannel::SendAndWait] Error: Channel error: cannot send/recv

1518068547604	geckodriver	INFO	geckodriver 0.19.1
1518068547625	geckodriver	INFO	Listening on 127.0.0.1:60070
1518068550684	mozrunner::runner	INFO	Running command: "C:\\Program Files\\Mozilla Firefox\\firefox.exe" "-marionette" "-profile" "C:\\Users\\I346330\\AppData\\Local\\Temp\\rust_mozprofile.YvJb0nu1jNzA"
1518068551294	Marionette	INFO	Enabled via --marionette
1518068553078	Marionette	INFO	Listening on port 60088
1518068553869	Marionette	WARN	TLS certificate errors will be ignored for this session
Unable to read VR Path Registry from C:\Users\I346330\AppData\Local\openvr\openvrpaths.vrpath
[Parent 19660, Gecko_IOThread] WARNING: pipe error: 109: file z:/build/build/src/ipc/chromium/src/chrome/common/ipc_channel_win.cc, line 346

###!!! [Child][MessageChannel::SendAndWait] Error: Channel error: cannot send/recv

	Marionette	INFO	Enabled via --marionette
1518068614007	Marionette	INFO	Listening on port 60327
1518068614528	Marionette	WARN	TLS certificate errors will be ignored for this session
Unable to read VR Path Registry from C:\Users\I346330\AppData\Local\openvr\openvrpaths.vrpath
[Parent 10656, Gecko_IOThread] WARNING: pipe error: 109: file z:/build/build/src/ipc/chromium/src/chrome/common/ipc_channel_win.cc, line 346
Unable to read VR Path Registry from C:\Users\I346330\AppData\Local\openvr\openvrpaths.vrpath
[Child 10660, Chrome_ChildThread] WARNING: pipe error: 109: file z:/build/build/src/ipc/chromium/src/chrome/common/ipc_channel_win.cc, line 346
[Parent 10656, Gecko_IOThread] WAUnable to read VR Path Registry from C:\Users\I346330\AppData\Local\openvr\openvrpaths.vrpath
JavaScript error: http://testlink.ariba.com/gui/javascript/multiselect_tree.js, line 78: TypeError: parent.treeframe is undefined
Unable to read VR Path Registry from C:\Users\I346330\AppData\Local\openvr\openvrpaths.vrpath
JavaScript error: https://cdn.sstatic.net/Js/stub.en.js?v=8ade518a2301, line 1: ReferenceError: $ is not defined
JavaScript error: https://stackoverflow.com/questions/27112731/selenium-common-exceptions-nosuchelementexception-message-unable-to-locate-ele, line 37: TypeError: StackExchange.ready is not a function
JavaScript error: https://cdn.sstatic.net/Js/stub.en.js?v=8ade518a2301, line 1: ReferenceError: $ is not defined
JavaScript error: https://stackoverflow.com/questions/27112731/selenium-common-exceptions-nosuchelementexception-message-unable-to-locate-ele, line 279: TypeError: StackExchange.ready is not a function
JavaScript error: https://stackoverflow.com/questions/27112731/selenium-common-exceptions-nosuchelementexception-message-unable-to-locate-ele, line 335: TypeError: StackExchange.ready is not a function
JavaScript error: https://stackoverflow.com/questions/27112731/selenium-common-exceptions-nosuchelementexception-message-unable-to-locate-ele, line 342: TypeError: StackExchange.ready is not a function
JavaScript error: https://stackoverflow.com/questions/27112731/selenium-common-exceptions-nosuchelementexception-message-unable-to-locate-ele, line 856: TypeError: StackExchange.ifUsing is not a function
JavaScript error: https://stackoverflow.com/questions/27112731/selenium-common-exceptions-nosuchelementexception-message-unable-to-locate-ele, line 867: TypeError: StackExchange.ready is not a function
JavaScript error: https://stackoverflow.com/questions/27112731/selenium-common-exceptions-nosuchelementexception-message-unable-to-locate-ele, line 936: TypeError: StackExchange.ready is not a function
JavaScript error: https://stackoverflow.com/questions/27112731/selenium-common-exceptions-nosuchelementexception-message-unable-to-locate-ele, line 977: TypeError: StackExchange.ready is not a function
JavaScript error: https://stackoverflow.com/questions/27112731/selenium-common-exceptions-nosuchelementexception-message-unable-to-locate-ele, line 1267: TypeError: StackExchange.ready is not a function
JavaScript error: https://stackoverflow.com/questions/27112731/selenium-common-exceptions-nosuchelementexception-message-unable-to-locate-ele, line 1495: TypeError: StackExchange.ready is not a function
Unable to read VR Path Registry from C:\Users\I346330\AppData\Local\openvr\openvrpaths.vrpath
[Parent 10944, Gecko_IOThread] WARNING: pipe error: 109: file z:/build/build/src/ipc/chromium/src/chrome/common/ipc_channel_win.cc, line 346
[Child 15540, Chrome_ChildThread] WARNING: pipe error: 109: file z:/build/build/src/ipc/chromium/src/chrome/common/ipc_channel_win.1518068995069	Marionette	INFO	Listening on port 61623
1518068995423	Marionette	WARN	TLS certificate errors will be ignored for this session
Unable to read VR Path Registry from C:\Users\I346330\AppData\Local\openvr\openvrpaths.vrpath
JavaScript error: https://cdn.sstatic.net/Js/stub.en.js?v=8ade518a2301, line 1: ReferenceError: $ is not defined
JavaScript error: https://stackoverflow.com/questions/27112731/selenium-common-exceptions-nosuchelementexception-message-unable-to-locate-ele, line 37: TypeError: StackExchange.ready is not a function
JavaScript error: https://cdn.sstatic.net/Js/stub.en.js?v=8ade518a2301, line 1: ReferenceError: $ is not defined
JavaScript error: https://stackoverflow.com/questions/27112731/selenium-common-exceptions-nosuchelementexception-message-unable-to-locate-ele, line 279: TypeError: StackExchange.ready is not a function
JavaScript error: https://stackoverflow.com/questions/27112731/selenium-common-exceptions-nosuchelementexception-message-unable-to-locate-ele, line 335: TypeError: StackExchange.ready is not a function
JavaScript error: https://stackoverflow.com/questions/27112731/selenium-common-exceptions-nosuchelementexception-message-unable-to-locate-ele, line 342: TypeError: StackExchange.ready is not a function
JavaScript error: https://stackoverflow.com/questions/27112731/selenium-common-exceptions-nosuchelementexception-message-unable-to-locate-ele, line 856: TypeError: StackExchange.ifUsing is not a function
JavaScript error: https://stackoverflow.com/questions/27112731/selenium-common-exceptions-nosuchelementexception-message-unable-to-locate-ele, line 867: TypeError: StackExchange.ready is not a function
JavaScript error: https://stackoverflow.com/questions/27112731/selenium-common-exceptions-nosuchelementexception-message-unable-to-locate-ele, line 936: TypeError: StackExchange.ready is not a function
JavaScript error: https://stackoverflow.com/questions/27112731/selenium-common-exceptions-nosuchelementexception-message-unable-to-locate-ele, line 977: TypeError: StackExchange.ready is not a function
JavaScript error: https://stackoverflow.com/questions/27112731/selenium-common-exceptions-nosuchelementexception-message-unable-to-locate-ele, line 1267: TypeError: StackExchange.ready is not a function
JavaScript error: https://stackoverflow.com/questions/27112731/selenium-common-exceptions-nosuchelementexception-message-unable-to-locate-ele, line 1495: TypeError: StackExchange.ready is not a function
Unable to read VR Path Registry from C:\Users\I346330\AppData\Local\openvr\openvrpaths.vrpath
JavaScript error: https://cdn.sstatic.net/Js/stub.en.js?v=8ade518a2301, line 1: ReferenceError: $ is not defined
JavaScript error: https://stackoverflow.com/questions/37791547/selenium-webdriver-get-current-frame-before-switch, line 40: TypeError: StackExchange.ready is not a function
JavaScript error: https://cdn.sstatic.net/Js/stub.en.js?v=8ade518a2301, line 1: ReferenceError: $ is not defined
JavaScript error: https://stackoverflow.com/questions/37791547/selenium-webdriver-get-current-frame-before-switch, line 282: TypeError: StackExchange.ready is not a function
JavaScript error: https://stackoverflow.com/questions/37791547/selenium-webdriver-get-current-frame-before-switch, line 338: TypeError: StackExchange.ready is not a function
JavaScript error: https://stackoverflow.com/questions/37791547/selenium-webdriver-get-current-frame-before-switch, line 345: TypeError: StackExchange.ready is not a function
JavaScript error: https://stackoverflow.com/questions/37791547/selenium-webdriver-get-current-frame-before-switch, line 806: TypeError: StackExchange.ifUsing is not a function
JavaScript error: https://stackoverflow.com/questions/37791547/selenium-webdriver-get-current-frame-before-switch, line 817: TypeError: StackExchange.ready is not a function
JavaScript error: https://stackoverflow.com/questions/37791547/selenium-webdriver-get-current-frame-before-switch, line 886: TypeError: StackExchange.ready is not a function
JavaScript error: https://stackoverflow.com/questions/37791547/selenium-webdriver-get-current-frame-before-switch, line 927: TypeError: StackExchange.ready is not a function
JavaScript error: https://stackoverflow.com/questions/37791547/selenium-webdriver-get-current-frame-before-switch, line 1032: TypeError: StackExchange.ready is not a function
JavaScript error: https://stackoverflow.com/questions/37791547/selenium-webdriver-get-current-frame-before-switch, line 1236: TypeError: StackExchange.ready is not a function
JavaScript error: https://stackoverflow.com/questions/37791547/selenium-webdriver-get-current-frame-before-switch, line 1464: TypeError: StackExchange.ready is not a function
JavaScript error: https://cdn.sstatic.net/Js/stub.en.js?v=8ade518a2301, line 1: ReferenceError: $ is not defined
JavaScript error: https://stackoverflow.com/questions/25177674/selenium-how-to-know-current-frame-number-or-value, line 37: TypeError: StackExchange.ready is not a function
JavaScript error: https://cdn.sstatic.net/Js/stub.en.js?v=8ade518a2301, line 1: ReferenceError: $ is not defined
JavaScript error: https://stackoverflow.com/questions/25177674/selenium-how-to-know-current-frame-number-or-value, line 279: TypeError: StackExchange.ready is not a function
JavaScript error: https://stackoverflow.com/questions/25177674/selenium-how-to-know-current-frame-number-or-value, line 335: TypeError: StackExchange.ready is not a function
JavaScript error: https://stackoverflow.com/questions/25177674/selenium-how-to-know-current-frame-number-or-value, line 342: TypeError: StackExchange.ready is not a function
JavaScript error: https://stackoverflow.com/questions/25177674/selenium-how-to-know-current-frame-number-or-value, line 777: TypeError: StackExchange.ifUsing is not a function
JavaScript error: https://stackoverflow.com/questions/25177674/selenium-how-to-know-current-frame-number-or-value, line 788: TypeError: StackExchange.ready is not a function
JavaScript error: https://stackoverflow.com/questions/25177674/selenium-how-to-know-current-frame-number-or-value, line 857: TypeError: StackExchange.ready is not a function
JavaScript error: https://stackoverflow.com/questions/25177674/selenium-how-to-know-current-frame-number-or-value, line 898: TypeError: StackExchange.ready is not a function
JavaScript error: https://stackoverflow.com/questions/25177674/selenium-how-to-know-current-frame-number-or-value, line 1178: TypeError: StackExchange.ready is not a function
JavaScript error: https://stackoverflow.com/questions/25177674/selenium-how-to-know-current-frame-number-or-value, line 1406: TypeError: StackExchange.ready is not a function
Unable to read VR Path Registry from C:\Users\I346330\AppData\Local\openvr\openvrpaths.vrpath
JavaScript error: resource://devtools/shared/base-loader.js -> resource://devtools/server/actors/highlighters/auto-refresh.js, line 201: TypeError: this.win is null
JavaScript error: resource://devtools/shared/base-loader.js -> resource://devtools/server/actors/highlighters/auto-refresh.js, line 201: TypeError: this.win is null
JavaScript error: resource://devtools/shared/base-loader.js -> resource://devtools/server/actors/highlighters/auto-refresh.js, line 201: TypeError: this.win is null
JavaScript error: resource://devtools/shared/base-loader.js -> resource://devtools/server/actors/highlighters/auto-refresh.js, line 201: TypeError: this.win is null
JavaScript error: resource://devtools/shared/base-loader.js -> resource://devtools/server/actors/highlighters/auto-refresh.js, line 201: TypeError: this.win is null
JavaScript error: resource://devtools/shared/base-loader.js -> resource://devtools/server/actors/highlighters/auto-refresh.js, line 201: TypeError: this.win is null
JavaScript error: resource://devtools/shared/base-loader.js -> resource://devtools/server/actors/highlighters/auto-refresh.js, line 201: TypeError: this.win is null
JavaScript error: resource://devtools/shared/base-loader.js -> resource://devtools/server/actors/highlighters/auto-refresh.js, line 201: TypeError: this.win is null
JavaScript error: resource://devtools/shared/base-loader.js -> resource://devtools/server/actors/highlighters/auto-refresh.js, line 201: TypeError: this.win is null
JavaScript error: resource://devtools/shared/base-loader.js -> resource://devtools/server/actors/highlighters/auto-refresh.js, line 201: TypeError: this.win is null
JavaScript error: resource://devtools/shared/base-loader.js -> resource://devtools/server/actors/highlighters/auto-refresh.js, line 201: TypeError: this.win is null
JavaScript error: resource://devtools/shared/base-loader.js -> resource://devtools/server/actors/highlighters/auto-refresh.js, line 201: TypeError: this.win is null
JavaScript error: resource://devtools/shared/base-loader.js -> resource://devtools/server/actors/highlighters/auto-refresh.js, line 201: TypeError: this.win is null
JavaScript error: resource://devtools/shared/base-loader.js -> resource://devtools/server/actors/highlighters/auto-refresh.js, line 201: TypeError: this.win is null
JavaScript error: resource://devtools/shared/base-loader.js -> resource://devtools/server/actors/highlighters/auto-refresh.js, line 201: TypeError: this.win is null
JavaScript error: resource://devtools/shared/base-loader.js -> resource://devtools/server/actors/highlighters/auto-refresh.js, line 201: TypeError: this.win is null
JavaScript error: resource://devtools/shared/base-loader.js -> resource://devtools/server/actors/highlighters/auto-refresh.js, line 201: TypeError: this.win is null
JavaScript error: resource://devtools/shared/base-loader.js -> resource://devtools/server/actors/highlighters/auto-refresh.js, line 201: TypeError: this.win is null
JavaScript error: resource://devtools/shared/base-loader.js -> resource://devtools/server/actors/highlighters/auto-refresh.js, line 201: TypeError: this.win is null
JavaScript error: resource://devtools/shared/base-loader.js -> resource://devtools/server/actors/highlighters/auto-refresh.js, line 201: TypeError: this.win is null
JavaScript error: resource://devtools/shared/base-loader.js -> resource://devtools/server/actors/highlighters/auto-refresh.js, line 201: TypeError: this.win is null
JavaScript error: resource://devtools/shared/base-loader.js -> resource://devtools/server/actors/highlighters/auto-refresh.js, line 201: TypeError: this.win is null
JavaScript error: resource://devtools/shared/base-loader.js -> resource://devtools/server/actors/highlighters/auto-refresh.js, line 201: TypeError: this.win is null
JavaScript error: resource://devtools/shared/base-loader.js -> resource://devtools/server/actors/highlighters/auto-refresh.js, line 201: TypeError: this.win is null
JavaScript error: resource://devtools/shared/base-loader.js -> resource://devtools/server/actors/highlighters/auto-refresh.js, line 201: TypeError: this.win is null
JavaScript error: resource://devtools/shared/base-loader.js -> resource://devtools/server/actors/highlighters/auto-refresh.js, line 201: TypeError: this.win is null
JavaScript error: resource://devtools/shared/base-loader.js -> resource://devtools/server/actors/highlighters/auto-refresh.js, line 201: TypeError: this.win is null
JavaScript error: resource://devtools/shared/base-loader.js -> resource://devtools/server/actors/highlighters/auto-refresh.js, line 201: TypeError: this.win is null
JavaScript error: resource://devtools/shared/base-loader.js -> resource://devtools/server/actors/highlighters/auto-refresh.js, line 201: TypeError: this.win is null
JavaScript error: resource://devtools/shared/base-loader.js -> resource://devtools/server/actors/highlighters/auto-refresh.js, line 201: TypeError: this.win is null
Unable to read VR Path Registry from C:\Users\I346330\AppData\Local\openvr\openvrpaths.vrpath
JavaScript error: https://cdn.sstatic.net/Js/stub.en.js?v=8ade518a2301, line 1: ReferenceError: $ is not defined
JavaScript error: https://stackoverflow.com/questions/36355052/how-to-get-img-from-selenium, line 42: TypeError: StackExchange.ready is not a function
JavaScript error: https://cdn.sstatic.net/Js/stub.en.js?v=8ade518a2301, line 1: ReferenceError: $ is not defined
JavaScript error: https://stackoverflow.com/questions/36355052/how-to-get-img-from-selenium, line 284: TypeError: StackExchange.ready is not a function
JavaScript error: https://stackoverflow.com/questions/36355052/how-to-get-img-from-selenium, line 340: TypeError: StackExchange.ready is not a function
JavaScript error: https://stackoverflow.com/questions/36355052/how-to-get-img-from-selenium, line 347: TypeError: StackExchange.ready is not a function
JavaScript error: https://stackoverflow.com/questions/36355052/how-to-get-img-from-selenium, line 685: TypeError: StackExchange.ifUsing is not a function
JavaScript error: https://stackoverflow.com/questions/36355052/how-to-get-img-from-selenium, line 696: TypeError: StackExchange.ready is not a function
JavaScript error: https://stackoverflow.com/questions/36355052/how-to-get-img-from-selenium, line 765: TypeError: StackExchange.ready is not a function
JavaScript error: https://stackoverflow.com/questions/36355052/how-to-get-img-from-selenium, line 806: TypeError: StackExchange.ready is not a function
JavaScript error: https://stackoverflow.com/questions/36355052/how-to-get-img-from-selenium, line 1086: TypeError: StackExchange.ready is not a function
JavaScript error: https://stackoverflow.com/questions/36355052/how-to-get-img-from-selenium, line 1314: TypeError: StackExchange.ready is not a function
JavaScript error: https://cdn.sstatic.net/Js/stub.en.js?v=8ade518a2301, line 1: ReferenceError: $ is not defined
JavaScript error: https://stackoverflow.com/questions/47307690/automate-windows-login-process-using-python, line 38: TypeError: StackExchange.ready is not a function
JavaScript error: https://cdn.sstatic.net/Js/stub.en.js?v=8ade518a2301, line 1: ReferenceError: $ is not defined
JavaScript error: https://stackoverflow.com/questions/47307690/automate-windows-login-process-using-python, line 280: TypeError: StackExchange.ready is not a function
JavaScript error: https://stackoverflow.com/questions/47307690/automate-windows-login-process-using-python, line 336: TypeError: StackExchange.ready is not a function
JavaScript error: https://stackoverflow.com/questions/47307690/automate-windows-login-process-using-python, line 343: TypeError: StackExchange.ready is not a function
JavaScript error: https://stackoverflow.com/questions/47307690/automate-windows-login-process-using-python, line 580: TypeError: StackExchange.ifUsing is not a function
JavaScript error: https://stackoverflow.com/questions/47307690/automate-windows-login-process-using-python, line 591: TypeError: StackExchange.ready is not a function
JavaScript error: https://stackoverflow.com/questions/47307690/automate-windows-login-process-using-python, line 660: TypeError: StackExchange.ready is not a function
JavaScript error: https://stackoverflow.com/questions/47307690/automate-windows-login-process-using-python, line 701: TypeError: StackExchange.ready is not a function
JavaScript error: https://stackoverflow.com/questions/47307690/automate-windows-login-process-using-python, line 973: TypeError: StackExchange.ready is not a function
JavaScript error: https://stackoverflow.com/questions/47307690/automate-windows-login-process-using-python, line 1201: TypeError: StackExchange.ready is not a function
JavaScript error: https://cdn.sstatic.net/Js/stub.en.js?v=8ade518a2301, line 1: ReferenceError: $ is not defined
JavaScript error: https://stackoverflow.com/questions/27901880/how-to-use-python-script-to-automate-software-installation/27923165, line 38: TypeError: StackExchange.ready is not a function
JavaScript error: https://cdn.sstatic.net/Js/stub.en.js?v=8ade518a2301, line 1: ReferenceError: $ is not defined
JavaScript error: https://stackoverflow.com/questions/27901880/how-to-use-python-script-to-automate-software-installation/27923165, line 280: TypeError: StackExchange.ready is not a function
JavaScript error: https://stackoverflow.com/questions/27901880/how-to-use-python-script-to-automate-software-installation/27923165, line 336: TypeError: StackExchange.ready is not a function
JavaScript error: https://stackoverflow.com/questions/27901880/how-to-use-python-script-to-automate-software-installation/27923165, line 343: TypeError: StackExchange.ready is not a function
JavaScript error: https://stackoverflow.com/questions/27901880/how-to-use-python-script-to-automate-software-installation/27923165, line 737: TypeError: StackExchange.ifUsing is not a function
JavaScript error: https://stackoverflow.com/questions/27901880/how-to-use-python-script-to-automate-software-installation/27923165, line 748: TypeError: StackExchange.ready is not a function
JavaScript error: https://stackoverflow.com/questions/27901880/how-to-use-python-script-to-automate-software-installation/27923165, line 817: TypeError: StackExchange.ready is not a function
JavaScript error: https://stackoverflow.com/questions/27901880/how-to-use-python-script-to-automate-software-installation/27923165, line 858: TypeError: StackExchange.ready is not a function
JavaScript error: https://stackoverflow.com/questions/27901880/how-to-use-python-script-to-automate-software-installation/27923165, line 1137: TypeError: StackExchange.ready is not a function
JavaScript error: https://stackoverflow.com/questions/27901880/how-to-use-python-script-to-automate-software-installation/27923165, line 1365: TypeError: StackExchange.ready is not a function
JavaScript error: https://cdn.sstatic.net/Js/stub.en.js?v=8ade518a2301, line 1: ReferenceError: $ is not defined
JavaScript error: https://stackoverflow.com/questions/31361432/python-selenium-create-loop-to-click-through-links-on-a-page-and-press-button-on, line 39: TypeError: StackExchange.ready is not a function
JavaScript error: https://cdn.sstatic.net/Js/stub.en.js?v=8ade518a2301, line 1: ReferenceError: $ is not defined
JavaScript error: https://stackoverflow.com/questions/31361432/python-selenium-create-loop-to-click-through-links-on-a-page-and-press-button-on, line 281: TypeError: StackExchange.ready is not a function
JavaScript error: https://stackoverflow.com/questions/31361432/python-selenium-create-loop-to-click-through-links-on-a-page-and-press-button-on, line 337: TypeError: StackExchange.ready is not a function
JavaScript error: https://stackoverflow.com/questions/31361432/python-selenium-create-loop-to-click-through-links-on-a-page-and-press-button-on, line 344: TypeError: StackExchange.ready is not a function
JavaScript error: https://stackoverflow.com/questions/31361432/python-selenium-create-loop-to-click-through-links-on-a-page-and-press-button-on, line 685: TypeError: StackExchange.ifUsing is not a function
JavaScript error: https://stackoverflow.com/questions/31361432/python-selenium-create-loop-to-click-through-links-on-a-page-and-press-button-on, line 696: TypeError: StackExchange.ready is not a function
JavaScript error: https://stackoverflow.com/questions/31361432/python-selenium-create-loop-to-click-through-links-on-a-page-and-press-button-on, line 765: TypeError: StackExchange.ready is not a function
JavaScript error: https://stackoverflow.com/questions/31361432/python-selenium-create-loop-to-click-through-links-on-a-page-and-press-button-on, line 806: TypeError: StackExchange.ready is not a function
JavaScript error: https://stackoverflow.com/questions/31361432/python-selenium-create-loop-to-click-through-links-on-a-page-and-press-button-on, line 1087: TypeError: StackExchange.ready is not a function
JavaScript error: https://stackoverflow.com/questions/31361432/python-selenium-create-loop-to-click-through-links-on-a-page-and-press-button-on, line 1315: TypeError: StackExchange.ready is not a function
Unable to read VR Path Registry from C:\Users\I346330\AppData\Local\openvr\openvrpaths.vrpath
[Parent 17980, Gecko_IOThread] WARNING: pipe error: 109: file z:/build/build/src/ipc/chromium/src/chrome/common/ipc_channel_win.cc, line 346
[Child 11636, Chrome_ChildThread] WARNING: pipe error: 109: file z:/build/build/src/ipc/chromium/src/chrome/common/ipc_channel_win.cc, line 346
[Child 11636, Chrome_ChildThread] WARNING: pipe error: 109: file z:/build/build/src/ipc/chromium/src/chrome/common/ipc_channel_win.cc, line 346
Unable to read VR Path Registry from C:\Users\I346330\AppData\Local\openvr\openvrpaths.vrpath
JavaScript error: http://www.seleniumhq.org/tophatpromo.js, line 1: ReferenceError: $ is not defined
JavaScript error: http://www.seleniumhq.org/tophatpromo.js, line 1: ReferenceError: $ is not defined
JavaScript error: https://cdn.sstatic.net/Js/stub.en.js?v=8ade518a2301, line 1: ReferenceError: $ is not defined
JavaScript error: https://stackoverflow.com/questions/33225947/can-a-website-detect-when-you-are-using-selenium-with-chromedriver, line 37: TypeError: StackExchange.ready is not a function
JavaScript error: https://cdn.sstatic.net/Js/stub.en.js?v=8ade518a2301, line 1: ReferenceError: $ is not defined
JavaScript error: https://stackoverflow.com/questions/33225947/can-a-website-detect-when-you-are-using-selenium-with-chromedriver, line 279: TypeError: StackExchange.ready is not a function
JavaScript error: https://stackoverflow.com/questions/33225947/can-a-website-detect-when-you-are-using-selenium-with-chromedriver, line 335: TypeError: StackExchange.ready is not a function
JavaScript error: https://stackoverflow.com/questions/33225947/can-a-website-detect-when-you-are-using-selenium-with-chromedriver, line 342: TypeError: StackExchange.ready is not a function
JavaScript error: https://stackoverflow.com/questions/33225947/can-a-website-detect-when-you-are-using-selenium-with-chromedriver, line 2298: TypeError: StackExchange.ifUsing is not a function
JavaScript error: https://stackoverflow.com/questions/33225947/can-a-website-detect-when-you-are-using-selenium-with-chromedriver, line 2309: TypeError: StackExchange.ready is not a function
JavaScript error: https://stackoverflow.com/questions/33225947/can-a-website-detect-when-you-are-using-selenium-with-chromedriver, line 2378: TypeError: StackExchange.ready is not a function
JavaScript error: https://stackoverflow.com/questions/33225947/can-a-website-detect-when-you-are-using-selenium-with-chromedriver, line 2419: TypeError: StackExchange.ready is not a function
JavaScript error: https://stackoverflow.com/questions/33225947/can-a-website-detect-when-you-are-using-selenium-with-chromedriver, line 2766: TypeError: StackExchange.ready is not a function
JavaScript error: https://stackoverflow.com/questions/33225947/can-a-website-detect-when-you-are-using-selenium-with-chromedriver, line 2994: TypeError: StackExchange.ready is not a function
JavaScript error: resource://devtools/shared/base-loader.js -> resource://devtools/server/actors/highlighters/auto-refresh.js, line 201: TypeError: this.win is null
JavaScript error: resource://devtools/shared/base-loader.js -> resource://devtools/server/actors/highlighters/auto-refresh.js, line 201: TypeError: this.win is null
JavaScript error: resource://devtools/shared/base-loader.js -> resource://devtools/server/actors/highlighters/auto-refresh.js, line 201: TypeError: this.win is null
JavaScript error: resource://devtools/shared/base-loader.js -> resource://devtools/server/actors/highlighters/auto-refresh.js, line 201: TypeError: this.win is null
JavaScript error: resource://devtools/shared/base-loader.js -> resource://devtools/server/actors/highlighters/auto-refresh.js, line 201: TypeError: this.win is null
JavaScript error: resource://devtools/shared/base-loader.js -> resource://devtools/server/actors/highlighters/auto-refresh.js, line 201: TypeError: this.win is null
JavaScript error: resource://devtools/shared/base-loader.js -> resource://devtools/server/actors/highlighters/auto-refresh.js, line 201: TypeError: this.win is null
JavaScript error: resource://devtools/shared/base-loader.js -> resource://devtools/server/actors/highlighters/auto-refresh.js, line 201: TypeError: this.win is null
JavaScript error: resource://devtools/shared/base-loader.js -> resource://devtools/server/actors/highlighters/auto-refresh.js, line 201: TypeError: this.win is null
JavaScript error: resource://devtools/shared/base-loader.js -> resource://devtools/server/actors/highlighters/auto-refresh.js, line 201: TypeError: this.win is null
JavaScript error: https://cdn.sstatic.net/Js/stub.en.js?v=8ade518a2301, line 1: ReferenceError: $ is not defined
JavaScript error: https://stackoverflow.com/questions/15464808/how-to-navigate-a-subframe-inside-a-frameset-using-selenium-webdriver, line 37: TypeError: StackExchange.ready is not a function
JavaScript error: https://cdn.sstatic.net/Js/stub.en.js?v=8ade518a2301, line 1: ReferenceError: $ is not defined
JavaScript error: https://stackoverflow.com/questions/15464808/how-to-navigate-a-subframe-inside-a-frameset-using-selenium-webdriver, line 279: TypeError: StackExchange.ready is not a function
JavaScript error: https://stackoverflow.com/questions/15464808/how-to-navigate-a-subframe-inside-a-frameset-using-selenium-webdriver, line 335: TypeError: StackExchange.ready is not a function
JavaScript error: https://stackoverflow.com/questions/15464808/how-to-navigate-a-subframe-inside-a-frameset-using-selenium-webdriver, line 342: TypeError: StackExchange.ready is not a function
JavaScript error: https://stackoverflow.com/questions/15464808/how-to-navigate-a-subframe-inside-a-frameset-using-selenium-webdriver, line 877: TypeError: StackExchange.ifUsing is not a function
JavaScript error: https://stackoverflow.com/questions/15464808/how-to-navigate-a-subframe-inside-a-frameset-using-selenium-webdriver, line 888: TypeError: StackExchange.ready is not a function
JavaScript error: https://stackoverflow.com/questions/15464808/how-to-navigate-a-subframe-inside-a-frameset-using-selenium-webdriver, line 957: TypeError: StackExchange.ready is not a function
JavaScript error: https://stackoverflow.com/questions/15464808/how-to-navigate-a-subframe-inside-a-frameset-using-selenium-webdriver, line 998: TypeError: StackExchange.ready is not a function
JavaScript error: https://stackoverflow.com/questions/15464808/how-to-navigate-a-subframe-inside-a-frameset-using-selenium-webdriver, line 1312: TypeError: StackExchange.ready is not a function
JavaScript error: https://stackoverflow.com/questions/15464808/how-to-navigate-a-subframe-inside-a-frameset-using-selenium-webdriver, line 1540: TypeError: StackExchange.ready is not a function
JavaScript error: https://cdn.sstatic.net/Js/stub.en.js?v=8ade518a2301, line 1: ReferenceError: $ is not defined
JavaScript error: https://stackoverflow.com/questions/34769715/python-web-scraping-beautiful-soup-selenium-and-phantomjs-only-scraping-part, line 37: TypeError: StackExchange.ready is not a function
JavaScript error: https://cdn.sstatic.net/Js/stub.en.js?v=8ade518a2301, line 1: ReferenceError: $ is not defined
JavaScript error: https://stackoverflow.com/questions/34769715/python-web-scraping-beautiful-soup-selenium-and-phantomjs-only-scraping-part, line 279: TypeError: StackExchange.ready is not a function
JavaScript error: https://stackoverflow.com/questions/34769715/python-web-scraping-beautiful-soup-selenium-and-phantomjs-only-scraping-part, line 335: TypeError: StackExchange.ready is not a function
JavaScript error: https://stackoverflow.com/questions/34769715/python-web-scraping-beautiful-soup-selenium-and-phantomjs-only-scraping-part, line 342: TypeError: StackExchange.ready is not a function
JavaScript error: https://stackoverflow.com/questions/34769715/python-web-scraping-beautiful-soup-selenium-and-phantomjs-only-scraping-part, line 779: TypeError: StackExchange.ifUsing is not a function
JavaScript error: https://stackoverflow.com/questions/34769715/python-web-scraping-beautiful-soup-selenium-and-phantomjs-only-scraping-part, line 790: TypeError: StackExchange.ready is not a function
JavaScript error: https://stackoverflow.com/questions/34769715/python-web-scraping-beautiful-soup-selenium-and-phantomjs-only-scraping-part, line 859: TypeError: StackExchange.ready is not a function
JavaScript error: https://stackoverflow.com/questions/34769715/python-web-scraping-beautiful-soup-selenium-and-phantomjs-only-scraping-part, line 900: TypeError: StackExchange.ready is not a function
JavaScript error: https://stackoverflow.com/questions/34769715/python-web-scraping-beautiful-soup-selenium-and-phantomjs-only-scraping-part, line 1220: TypeError: StackExchange.ready is not a function
JavaScript error: https://stackoverflow.com/questions/34769715/python-web-scraping-beautiful-soup-selenium-and-phantomjs-only-scraping-part, line 1448: TypeError: StackExchange.ready is not a function
JavaScript error: https://cdn.sstatic.net/Js/stub.en.js?v=8ade518a2301, line 1: ReferenceError: $ is not defined
JavaScript error: https://stackoverflow.com/questions/43094942/python-selenium-print-frame-source, line 39: TypeError: StackExchange.ready is not a function
JavaScript error: https://cdn.sstatic.net/Js/stub.en.js?v=8ade518a2301, line 1: ReferenceError: $ is not defined
JavaScript error: https://stackoverflow.com/questions/43094942/python-selenium-print-frame-source, line 281: TypeError: StackExchange.ready is not a function
JavaScript error: https://stackoverflow.com/questions/43094942/python-selenium-print-frame-source, line 337: TypeError: StackExchange.ready is not a function
JavaScript error: https://stackoverflow.com/questions/43094942/python-selenium-print-frame-source, line 344: TypeError: StackExchange.ready is not a function
JavaScript error: https://stackoverflow.com/questions/43094942/python-selenium-print-frame-source, line 902: TypeError: StackExchange.ifUsing is not a function
JavaScript error: https://stackoverflow.com/questions/43094942/python-selenium-print-frame-source, line 913: TypeError: StackExchange.ready is not a function
JavaScript error: https://stackoverflow.com/questions/43094942/python-selenium-print-frame-source, line 982: TypeError: StackExchange.ready is not a function
JavaScript error: https://stackoverflow.com/questions/43094942/python-selenium-print-frame-source, line 1023: TypeError: StackExchange.ready is not a function
JavaScript error: https://stackoverflow.com/questions/43094942/python-selenium-print-frame-source, line 1303: TypeError: StackExchange.ready is not a function
JavaScript error: https://stackoverflow.com/questions/43094942/python-selenium-print-frame-source, line 1531: TypeError: StackExchange.ready is not a function
[Parent 17980, Gecko_IOThread] WARNING: pipe error: 109: file z:/build/build/src/ipc/chromium/src/chrome/common/ipc_channel_win.cc, line 346
[Parent 17980, Gecko_IOThread] WARNING: pipe error: 109: file z:/build/build/src/ipc/chromium/src/chrome/common/ipc_channel_win.cc, line 346
[Child 14308, Chrome_ChildThread] WARNING: pipe error: 109: file z:/build/build/src/ipc/chromium/src/chrome/common/ipc_channel_win.cc, line 346
[Child 14308, Chrome_ChildThread] WARNING: pipe error: 109: file z:/build/build/src/ipc/chromium/src/chrome/common/ipc_channel_win.cc, line 346
[Child 7748, Chrome_ChildThread] WARNING: pipe error: 109: file z:/build/build/src/ipc/chromium/src/chrome/common/ipc_channel_win.cc, line 346
[Child 6456, Chrome_ChildThread] WARNING: pipe error: 109: file z:/build/build/src/ipc/chromium/src/chrome/common/ipc_channel_win.cc, line 346
[Child 6456, Chrome_ChildThread] WARNING: pipe error: 109: file z:/build/build/src/ipc/chromium/src/chrome/common/ipc_channel_win.cc, line 346
[Child 9804, Chrome_ChildThread] WARNING: pipe error: 109: file z:/build/build/src/ipc/chromium/src/chrome/common/ipc_channel_win.cc, line 346
Unable to read VR Path Registry from C:\Users\I346330\AppData\Local\openvr\openvrpaths.vrpath
[Child 7964, Chrome_ChildThread] WARNING: pipe error: 109: file z:/build/build/src/ipc/chromium/src/chrome/common/ipc_channel_win.cc, line 346

###!!! [Child][MessageChannel::SendAndWait] Error: Channel error: cannot send/recv

/auto-refresh.js, line 201: TypeError: this.win is null
JavaScript error: resource://devtools/shared/base-loader.js -> resource://devtools/server/actors/highlighters/auto-refresh.js, line 201: TypeError: this.win is null
JavaScript error: resource://devtools/shared/base-loader.js -> resource://devtools/server/actors/highlighters/auto-refresh.js, line 201: TypeError: this.win is null
JavaScript error: resource://devtools/shared/base-loader.js -> resource://devtools/server/actors/highlighters/auto-refresh.js, line 201: TypeError: this.win is null
JavaScript error: resource://devtools/shared/base-loader.js -> resource://devtools/server/actors/highlighters/auto-refresh.js, line 201: TypeError: this.win is null
JavaScript error: resource://devtools/shared/base-loader.js -> resource://devtools/server/actors/highlighters/auto-refresh.js, line 201: TypeError: this.win is null
JavaScript error: resource://devtools/shared/base-loader.js -> resource://devtools/server/actors/highlighters/auto-refresh.js, line 201: TypeError: this.win is null
JavaScript error: resource://devtools/shared/base-loader.js -> resource://devtools/server/actors/highlighters/auto-refresh.js, line 201: TypeError: this.win is null
JavaScript error: resource://devtools/shared/base-loader.js -> resource://devtools/server/actors/highlighters/auto-refresh.js, line 201: TypeError: this.win is null
JavaScript error: resource://devtools/shared/base-loader.js -> resource://devtools/server/actors/highlighters/auto-refresh.js, line 201: TypeError: this.win is null
JavaScript error: resource://devtools/shared/base-loader.js -> resource://devtools/server/actors/highlighters/auto-refresh.js, line 201: TypeError: this.win is null
JavaScript error: resource://devtools/shared/base-loader.js -> resource://devtools/server/actors/highlighters/auto-refresh.js, line 201: TypeError: this.win is null
JavaScript error: resource://devtools/shared/base-loader.js -> resource://devtools/server/actors/highlighters/auto-refresh.js, line 201: TypeError: this.win is null
JavaScript error: resource://devtools/shared/base-loader.js -> resource://devtools/server/actors/highlighters/auto-refresh.js, line 201: TypeError: this.win is null
JavaScript error: resource://devtools/shared/base-loader.js -> resource://devtools/server/actors/highlighters/auto-refresh.js, line 201: TypeError: this.win is null
JavaScript error: resource://devtools/shared/base-loader.js -> resource://devtools/server/actors/highlighters/auto-refresh.js, line 201: TypeError: this.win is null
JavaScript error: resource://devtools/shared/base-loader.js -> resource://devtools/server/actors/highlighters/auto-refresh.js, line 201: TypeError: this.win is null
JavaScript error: resource://devtools/shared/base-loader.js -> resource://devtools/server/actors/highlighters/auto-refresh.js, line 201: TypeError: this.win is null
JavaScript error: resource://devtools/shared/base-loader.js -> resource://devtools/server/actors/highlighters/auto-refresh.js, line 201: TypeError: this.win is null
JavaScript error: resource://devtools/shared/base-loader.js -> resource://devtools/server/actors/highlighters/auto-refresh.js, line 201: TypeError: this.win is null
JavaScript error: resource://devtools/shared/base-loader.js -> resource://devtools/server/actors/highlighters/auto-refresh.js, line 201: TypeError: this.win is null
JavaScript error: resource://devtools/shared/base-loader.js -> resource://devtools/server/actors/highlighters/auto-refresh.js, line 201: TypeError: this.win is null
JavaScript error: resource://devtools/shared/base-loader.js -> resource://devtools/server/actors/highlighters/auto-refresh.js, line 201: TypeError: this.win is null
JavaScript error: resource://devtools/shared/base-loader.js -> resource://devtools/server/actors/highlighters/auto-refresh.js, line 201: TypeError: this.win is null
JavaScript error: resource://devtools/shared/base-loader.js -> resource://devtools/server/actors/highlighters/auto-refresh.js, line 201: TypeError: this.win is null
JavaScript error: resource://devtools/shared/base-loader.js -> resource://devtools/server/actors/highlighters/auto-refresh.js, line 201: TypeError: this.win is null
JavaScript error: resource://devtools/shared/base-loader.js -> resource://devtools/server/actors/highlighters/auto-refresh.js, line 201: TypeError: this.win is null
JavaScript error: resource://devtools/shared/base-loader.js -> resource://devtools/server/actors/highlighters/auto-refresh.js, line 201: TypeError: this.win is null
JavaScript error: resource://devtools/shared/base-loader.js -> resource://devtools/server/actors/highlighters/auto-refresh.js, line 201: TypeError: this.win is null
JavaScript error: resource://devtools/shared/base-loader.js -> resource://devtools/server/actors/highlighters/auto-refresh.js, line 201: TypeError: this.win is null
JavaScript error: resource://devtools/shared/base-loader.js -> resource://devtools/server/actors/highlighters/auto-refresh.js, line 201: TypeError: this.win is null
JavaScript error: resource://devtools/shared/base-loader.js -> resource://devtools/server/actors/highlighters/auto-refresh.js, line 201: TypeError: this.win is null
JavaScript error: resource://devtools/shared/base-loader.js -> resource://devtools/server/actors/highlighters/auto-refresh.js, line 201: TypeError: this.win is null
JavaScript error: resource://devtools/shared/base-loader.js -> resource://devtools/server/actors/highlighters/auto-refresh.js, line 201: TypeError: this.win is null
JavaScript error: resource://devtools/shared/base-loader.js -> resource://devtools/server/actors/highlighters/auto-refresh.js, line 201: TypeError: this.win is null
Unable to read VR Path Registry from C:\Users\I346330\AppData\Local\openvr\openvrpaths.vrpath
JavaScript error: http://testlink.ariba.com/gui/javascript/multiselect_tree.js, line 78: TypeError: parent.treeframe is undefined
IPDL protocol error: Handler returned error code!

###!!! [Parent][DispatchAsyncMessage] Error: PAPZCTreeManager::Msg_SetTargetAPZC Processing error: message was deserialized, but the handler returned false (indicating failure)

IPDL protocol error: Handler returned error code!

###!!! [Parent][DispatchAsyncMessage] Error: PAPZCTreeManager::Msg_SetTargetAPZC Processing error: message was deserialized, but the handler returned false (indicating failure)

JavaScript error: http://testlink.ariba.com/gui/javascript/multiselect_tree.js, line 78: TypeError: parent.treeframe is undefined
JavaScript error: http://testlink.ariba.com/gui/javascript/testlink_library.js, line 235: TypeError: parent.workframe is undefined
JavaScript error: http://testlink.ariba.com/gui/javascript/testlink_library.js, line 235: TypeError: parent.workframe is undefined
JavaScript error: http://testlink.ariba.com/gui/javascript/testlink_library.js, line 235: TypeError: parent.workframe is undefined
JavaScript error: http://testlink.ariba.com/gui/javascript/testlink_library.js, line 235: TypeError: parent.workframe is undefined
JavaScript error: http://testlink.ariba.com/gui/javascript/testlink_library.js, line 235: TypeError: parent.workframe is undefined
JavaScript error: http://testlink.ariba.com/gui/javascript/testlink_library.js, line 235: TypeError: parent.workframe is undefined
JavaScript error: http://testlink.ariba.com/gui/javascript/testlink_library.js, line 235: TypeError: parent.workframe is undefined
Unable to read VR Path Registry from C:\Users\I346330\AppData\Local\openvr\openvrpaths.vrpath
JavaScript error: http://testlink.ariba.com/gui/javascript/multiselect_tree.js, line 78: TypeError: parent.treeframe is undefined
Unable to read VR Path Registry from C:\Users\I346330\AppData\Local\openvr\openvrpaths.vrpath
JavaScript error: https://cdn.sstatic.net/Js/stub.en.js?v=8ade518a2301, line 1: ReferenceError: $ is not defined
JavaScript error: https://stackoverflow.com/questions/18689256/how-is-it-possible-for-the-page-source-not-to-show-what-is-on-the-page, line 38: TypeError: StackExchange.ready is not a function
JavaScript error: https://cdn.sstatic.net/Js/stub.en.js?v=8ade518a2301, line 1: ReferenceError: $ is not defined
JavaScript error: https://stackoverflow.com/questions/18689256/how-is-it-possible-for-the-page-source-not-to-show-what-is-on-the-page, line 280: TypeError: StackExchange.ready is not a function
JavaScript error: https://stackoverflow.com/questions/18689256/how-is-it-possible-for-the-page-source-not-to-show-what-is-on-the-page, line 336: TypeError: StackExchange.ready is not a function
JavaScript error: https://stackoverflow.com/questions/18689256/how-is-it-possible-for-the-page-source-not-to-show-what-is-on-the-page, line 343: TypeError: StackExchange.ready is not a function
JavaScript error: https://stackoverflow.com/questions/18689256/how-is-it-possible-for-the-page-source-not-to-show-what-is-on-the-page, line 839: TypeError: StackExchange.ifUsing is not a function
JavaScript error: https://stackoverflow.com/questions/18689256/how-is-it-possible-for-the-page-source-not-to-show-what-is-on-the-page, line 850: TypeError: StackExchange.ready is not a function
JavaScript error: https://stackoverflow.com/questions/18689256/how-is-it-possible-for-the-page-source-not-to-show-what-is-on-the-page, line 919: TypeError: StackExchange.ready is not a function
JavaScript error: https://stackoverflow.com/questions/18689256/how-is-it-possible-for-the-page-source-not-to-show-what-is-on-the-page, line 960: TypeError: StackExchange.ready is not a function
JavaScript error: https://stackoverflow.com/questions/18689256/how-is-it-possible-for-the-page-source-not-to-show-what-is-on-the-page, line 1250: TypeError: StackExchange.ready is not a function
JavaScript error: https://stackoverflow.com/questions/18689256/how-is-it-possible-for-the-page-source-not-to-show-what-is-on-the-page, line 1478: TypeError: StackExchange.ready is not a function
Unable to read VR Path Registry from C:\Users\I346330\AppData\Local\openvr\openvrpaths.vrpath
JavaScript warning: resource://devtools/shared/base-loader.js -> resource://devtools/client/shared/demangle.js, line 0: Successfully compiled asm.js code (total compilation time 109ms; unable to cache asm.js in synchronous scripts; try loading asm.js via <script async> or createElement('script'))
JavaScript error: https://www.daniweb.com/resources/js/0-421.js, line 69: ReferenceError: jQuery is not defined
JavaScript error: https://www.daniweb.com/programming/web-development/threads/366292/php-not-showing-in-html-source-code, line 672: ReferenceError: $ is not defined
JavaScript error: https://www.daniweb.com/programming/web-development/threads/366292/php-not-showing-in-html-source-code, line 694: ReferenceError: $ is not defined
JavaScript error: https://www.daniweb.com/programming/web-development/threads/366292/php-not-showing-in-html-source-code, line 769: ReferenceError: $ is not defined
JavaScript error: https://maxcdn.bootstrapcdn.com/bootstrap/3.3.5/js/bootstrap.min.js, line 6: Error: Bootstrap's JavaScript requires jQuery
JavaScript error: https://www.daniweb.com/resources/js_menu/0-161.js line 1 > eval, line 1: ReferenceError: $ is not defined
JavaScript error: https://cdn.sstatic.net/Js/stub.en.js?v=8ade518a2301, line 1: ReferenceError: $ is not defined
JavaScript error: https://stackoverflow.com/questions/18689256/how-is-it-possible-for-the-page-source-not-to-show-what-is-on-the-page, line 38: TypeError: StackExchange.ready is not a function
JavaScript error: https://cdn.sstatic.net/Js/stub.en.js?v=8ade518a2301, line 1: ReferenceError: $ is not defined
JavaScript error: https://stackoverflow.com/questions/18689256/how-is-it-possible-for-the-page-source-not-to-show-what-is-on-the-page, line 280: TypeError: StackExchange.ready is not a function
JavaScript error: https://stackoverflow.com/questions/18689256/how-is-it-possible-for-the-page-source-not-to-show-what-is-on-the-page, line 336: TypeError: StackExchange.ready is not a function
JavaScript error: https://stackoverflow.com/questions/18689256/how-is-it-possible-for-the-page-source-not-to-show-what-is-on-the-page, line 343: TypeError: StackExchange.ready is not a function
JavaScript error: https://stackoverflow.com/questions/18689256/how-is-it-possible-for-the-page-source-not-to-show-what-is-on-the-page, line 839: TypeError: StackExchange.ifUsing is not a function
JavaScript error: https://stackoverflow.com/questions/18689256/how-is-it-possible-for-the-page-source-not-to-show-what-is-on-the-page, line 850: TypeError: StackExchange.ready is not a function
JavaScript error: https://stackoverflow.com/questions/18689256/how-is-it-possible-for-the-page-source-not-to-show-what-is-on-the-page, line 919: TypeError: StackExchange.ready is not a function
JavaScript error: https://stackoverflow.com/questions/18689256/how-is-it-possible-for-the-page-source-not-to-show-what-is-on-the-page, line 960: TypeError: StackExchange.ready is not a function
JavaScript error: https://stackoverflow.com/questions/18689256/how-is-it-possible-for-the-page-source-not-to-show-what-is-on-the-page, line 1249: TypeError: StackExchange.ready is not a function
JavaScript error: https://stackoverflow.com/questions/18689256/how-is-it-possible-for-the-page-source-not-to-show-what-is-on-the-page, line 1477: TypeError: StackExchange.ready is not a function
JavaScript error: https://meta.stackexchange.com/content/Js/stub.en.js?v=59463a1fd7bb, line 1: ReferenceError: $ is not defined
JavaScript error: https://meta.stackexchange.com/questions/110126/how-can-i-paste-html-markup-into-a-stack-overflow-question-field, line 38: TypeError: StackExchange.ready is not a function
JavaScript error: https://meta.stackexchange.com/questions/110126/how-can-i-paste-html-markup-into-a-stack-overflow-question-field, line 67: TypeError: StackExchange.ready is not a function
JavaScript error: https://meta.stackexchange.com/content/Js/stub.en.js?v=59463a1fd7bb, line 1: ReferenceError: $ is not defined
JavaScript error: https://meta.stackexchange.com/questions/110126/how-can-i-paste-html-markup-into-a-stack-overflow-question-field, line 279: TypeError: StackExchange.ready is not a function
JavaScript error: https://meta.stackexchange.com/questions/110126/how-can-i-paste-html-markup-into-a-stack-overflow-question-field, line 390: TypeError: StackExchange.ready is not a function
JavaScript error: https://meta.stackexchange.com/questions/110126/how-can-i-paste-html-markup-into-a-stack-overflow-question-field, line 1168: TypeError: StackExchange.ready is not a function
JavaScript error: https://meta.stackexchange.com/questions/110126/how-can-i-paste-html-markup-into-a-stack-overflow-question-field, line 1370: TypeError: StackExchange.ready is not a function
JavaScript error: https://meta.stackexchange.com/questions/110126/how-can-i-paste-html-markup-into-a-stack-overflow-question-field, line 1587: TypeError: StackExchange.ready is not a function
JavaScript error: https://cdn.sstatic.net/Js/stub.en.js?v=8ade518a2301, line 1: ReferenceError: $ is not defined
JavaScript error: https://stackoverflow.com/questions/1367587/how-do-i-get-the-html-source-from-the-page, line 39: TypeError: StackExchange.ready is not a function
JavaScript error: https://cdn.sstatic.net/Js/stub.en.js?v=8ade518a2301, line 1: ReferenceError: $ is not defined
JavaScript error: https://stackoverflow.com/questions/1367587/how-do-i-get-the-html-source-from-the-page, line 281: TypeError: StackExchange.ready is not a function
JavaScript error: https://stackoverflow.com/questions/1367587/how-do-i-get-the-html-source-from-the-page, line 337: TypeError: StackExchange.ready is not a function
JavaScript error: https://stackoverflow.com/questions/1367587/how-do-i-get-the-html-source-from-the-page, line 344: TypeError: StackExchange.ready is not a function
JavaScript error: https://stackoverflow.com/questions/1367587/how-do-i-get-the-html-source-from-the-page, line 1122: TypeError: StackExchange.ifUsing is not a function
JavaScript error: https://stackoverflow.com/questions/1367587/how-do-i-get-the-html-source-from-the-page, line 1133: TypeError: StackExchange.ready is not a function
JavaScript error: https://stackoverflow.com/questions/1367587/how-do-i-get-the-html-source-from-the-page, line 1202: TypeError: StackExchange.ready is not a function
JavaScript error: https://stackoverflow.com/questions/1367587/how-do-i-get-the-html-source-from-the-page, line 1243: TypeError: StackExchange.ready is not a function
JavaScript error: https://stackoverflow.com/questions/1367587/how-do-i-get-the-html-source-from-the-page, line 1563: TypeError: StackExchange.ready is not a function
JavaScript error: https://stackoverflow.com/questions/1367587/how-do-i-get-the-html-source-from-the-page, line 1791: TypeError: StackExchange.ready is not a function
JavaScript error: resource://devtools/shared/base-loader.js -> resource://devtools/server/actors/highlighters/auto-refresh.js, line 201: TypeError: this.win is null
JavaScript error: resource://devtools/shared/base-loader.js -> resource://devtools/server/actors/highlighters/auto-refresh.js, line 201: TypeError: this.win is null
JavaScript error: resource://devtools/shared/base-loader.js -> resource://devtools/server/actors/highlighters/auto-refresh.js, line 201: TypeError: this.win is null
JavaScript error: resource://devtools/shared/base-loader.js -> resource://devtools/server/actors/highlighters/auto-refresh.js, line 201: TypeError: this.win is null
JavaScript error: resource://devtools/shared/base-loader.js -> resource://devtools/server/actors/highlighters/auto-refresh.js, line 201: TypeError: this.win is null
JavaScript error: resource://devtools/shared/base-loader.js -> resource://devtools/server/actors/highlighters/auto-refresh.js, line 201: TypeError: this.win is null
JavaScript error: resource://devtools/shared/base-loader.js -> resource://devtools/server/actors/highlighters/auto-refresh.js, line 201: TypeError: this.win is null
JavaScript error: resource://devtools/shared/base-loader.js -> resource://devtools/server/actors/highlighters/auto-refresh.js, line 201: TypeError: this.win is null
IPDL protocol error: Handler returned error code!

###!!! [Parent][DispatchAsyncMessage] Error: PAPZCTreeManager::Msg_SetTargetAPZC Processing error: message was deserialized, but the handler returned false (indicating failure)

[Parent 12760, Gecko_IOThread] WARNING: pipe error: 109: file z:/build/build/src/ipc/chromium/src/chrome/common/ipc_channel_win.cc, line 346
[Child 15568, Chrome_ChildThread] WARNING: pipe error: 109: file z:/build/build/src/ipc/chromium/src/chrome/common/ipc_channel_win.cc, line 346
[Child 15568, Chrome_ChildThread] WARNING: pipe error: 109: file z:/build/build/src/ipc/chromium/src/chrome/common/ipc_channel_win.cc, line 346
Unable to read VR Path Registry from C:\Users\I346330\AppData\Local\openvr\openvrpaths.vrpath
JavaScript error: https://cdn.sstatic.net/Js/stub.en.js?v=8ade518a2301, line 1: ReferenceError: $ is not defined
JavaScript error: https://stackoverflow.com/questions/6868577/seeing-html-source-changes-after-javascript-has-acted-upon-it-in-chrome, line 37: TypeError: StackExchange.ready is not a function
JavaScript error: https://cdn.sstatic.net/Js/stub.en.js?v=8ade518a2301, line 1: ReferenceError: $ is not defined
JavaScript error: https://stackoverflow.com/questions/6868577/seeing-html-source-changes-after-javascript-has-acted-upon-it-in-chrome, line 279: TypeError: StackExchange.ready is not a function
JavaScript error: https://stackoverflow.com/questions/6868577/seeing-html-source-changes-after-javascript-has-acted-upon-it-in-chrome, line 335: TypeError: StackExchange.ready is not a function
JavaScript error: https://stackoverflow.com/questions/6868577/seeing-html-source-changes-after-javascript-has-acted-upon-it-in-chrome, line 342: TypeError: StackExchange.ready is not a function
JavaScript error: https://stackoverflow.com/questions/6868577/seeing-html-source-changes-after-javascript-has-acted-upon-it-in-chrome, line 950: TypeError: StackExchange.ifUsing is not a function
JavaScript error: https://stackoverflow.com/questions/6868577/seeing-html-source-changes-after-javascript-has-acted-upon-it-in-chrome, line 961: TypeError: StackExchange.ready is not a function
JavaScript error: https://stackoverflow.com/questions/6868577/seeing-html-source-changes-after-javascript-has-acted-upon-it-in-chrome, line 1030: TypeError: StackExchange.ready is not a function
JavaScript error: https://stackoverflow.com/questions/6868577/seeing-html-source-changes-after-javascript-has-acted-upon-it-in-chrome, line 1071: TypeError: StackExchange.ready is not a function
JavaScript error: https://stackoverflow.com/questions/6868577/seeing-html-source-changes-after-javascript-has-acted-upon-it-in-chrome, line 1361: TypeError: StackExchange.ready is not a function
JavaScript error: https://stackoverflow.com/questions/6868577/seeing-html-source-changes-after-javascript-has-acted-upon-it-in-chrome, line 1589: TypeError: StackExchange.ready is not a function
[Parent 12760, Gecko_IOThread] WARNING: pipe error: 109: file z:/build/build/src/ipc/chromium/src/chrome/common/ipc_channel_win.cc, line 346
[Child 20080, Chrome_ChildThread] WARNING: pipe error: 109: file z:/build/build/src/ipc/chromium/src/chrome/common/ipc_channel_win.cc, line 346
[Child 20080, Chrome_ChildThread] WARNING: pipe error: 109: file z:/build/build/src/ipc/chromium/src/chrome/common/ipc_channel_win.cc, line 346
[Child 18504, Chrome_ChildThread] WARNING: pipe error: 109: file z:/build/build/src/ipc/chromium/src/chrome/common/ipc_channel_win.cc, line 346
[Parent 12760, Gecko_IOThread] WARNING: pipe error: 109: file z:/build/build/src/ipc/chromium/src/chrome/common/ipc_channel_win.cc, line 346
[Child 19912, Chrome_ChildThread] WARNING: pipe error: 109: file z:/build/build/src/ipc/chromium/src/chrome/common/ipc_channel_win.cc, line 346
[Child 19912, Chrome_ChildThread] WARNING: pipe error: 109: file z:/build/build/src/ipc/chromium/src/chrome/common/ipc_channel_win.cc, line 346
JavaScript error: http://testlink.ariba.com/gui/javascript/multiselect_tree.js, line 78: TypeError: parent.treeframe is undefined
JavaScript error: http://testlink.ariba.com/gui/javascript/testlink_library.js, line 235: TypeError: parent.workframe is undefined
JavaScript error: http://testlink.ariba.com/gui/javascript/testlink_library.js, line 235: TypeError: parent.workframe is undefined
JavaScript error: resource://devtools/shared/base-loader.js -> resource://devtools/server/actors/tab.js, line 1420: TypeError: this._tabPool is null
JavaScript error: resource://devtools/shared/base-loader.js -> resource://devtools/server/actors/tab.js, line 1420: TypeError: this._tabPool is null
JavaScript error: resource://devtools/shared/base-loader.js -> resource://devtools/server/actors/tab.js, line 1420: TypeError: this._tabPool is null
JavaScript error: resource://devtools/shared/base-loader.js -> resource://devtools/server/actors/tab.js, line 1420: TypeError: this._tabPool is null
JavaScript error: resource://devtools/shared/base-loader.js -> resource://devtools/server/actors/tab.js, line 1420: TypeError: this._tabPool is null
JavaScript error: resource://devtools/shared/base-loader.js -> resource://devtools/server/actors/tab.js, line 1420: TypeError: this._tabPool is null
JavaScript error: resource://devtools/shared/base-loader.js -> resource://devtools/server/actors/tab.js, line 1420: TypeError: this._tabPool is null
JavaScript error: resource://devtools/shared/base-loader.js -> resource://devtools/server/actors/tab.js, line 1420: TypeError: this._tabPool is null
JavaScript error: resource://devtools/shared/base-loader.js -> resource://devtools/server/actors/tab.js, line 1420: TypeError: this._tabPool is null
JavaScript error: resource://devtools/shared/base-loader.js -> resource://devtools/server/actors/tab.js, line 1420: TypeError: this._tabPool is null
JavaScript error: resource://devtools/shared/base-loader.js -> resource://devtools/server/actors/tab.js, line 1420: TypeError: this._tabPool is null
JavaScript error: resource://devtools/shared/base-loader.js -> resource://devtools/server/actors/tab.js, line 1420: TypeError: this._tabPool is null
JavaScript error: resource://devtools/shared/base-loader.js -> resource://devtools/server/actors/tab.js, line 1420: TypeError: this._tabPool is null
JavaScript error: resource://devtools/shared/base-loader.js -> resource://devtools/server/actors/tab.js, line 1420: TypeError: this._tabPool is null
JavaScript error: resource://devtools/shared/base-loader.js -> resource://devtools/server/actors/tab.js, line 1420: TypeError: this._tabPool is null
JavaScript error: resource://devtools/shared/base-loader.js -> resource://devtools/server/actors/tab.js, line 1420: TypeError: this._tabPool is null
JavaScript error: resource://devtools/shared/base-loader.js -> resource://devtools/server/actors/tab.js, line 1420: TypeError: this._tabPool is null
JavaScript error: resource://devtools/shared/base-loader.js -> resource://devtools/server/actors/tab.js, line 1420: TypeError: this._tabPool is null
Unable to read VR Path Registry from C:\Users\I346330\AppData\Local\openvr\openvrpaths.vrpath
JavaScript error: https://1.www.s81c.com/common/v18/r107/js/www.js?v=20180201_0454, line 32: TypeError: a.common.meta.page is undefined
Unable to read VR Path Registry from C:\Users\I346330\AppData\Local\openvr\openvrpaths.vrpath
JavaScript error: https://cdn.sstatic.net/Js/stub.en.js?v=8ade518a2301, line 1: ReferenceError: $ is not defined
JavaScript error: https://stackoverflow.com/questions/3362859/scraping-websites-with-javascript-enabled, line 39: TypeError: StackExchange.ready is not a function
JavaScript error: https://cdn.sstatic.net/Js/stub.en.js?v=8ade518a2301, line 1: ReferenceError: $ is not defined
JavaScript error: https://stackoverflow.com/questions/3362859/scraping-websites-with-javascript-enabled, line 281: TypeError: StackExchange.ready is not a function
JavaScript error: https://stackoverflow.com/questions/3362859/scraping-websites-with-javascript-enabled, line 337: TypeError: StackExchange.ready is not a function
JavaScript error: https://stackoverflow.com/questions/3362859/scraping-websites-with-javascript-enabled, line 344: TypeError: StackExchange.ready is not a function
JavaScript error: https://stackoverflow.com/questions/3362859/scraping-websites-with-javascript-enabled, line 1284: TypeError: StackExchange.ifUsing is not a function
JavaScript error: https://stackoverflow.com/questions/3362859/scraping-websites-with-javascript-enabled, line 1295: TypeError: StackExchange.ready is not a function
JavaScript error: https://stackoverflow.com/questions/3362859/scraping-websites-with-javascript-enabled, line 1364: TypeError: StackExchange.ready is not a function
JavaScript error: https://stackoverflow.com/questions/3362859/scraping-websites-with-javascript-enabled, line 1405: TypeError: StackExchange.ready is not a function
JavaScript error: https://stackoverflow.com/questions/3362859/scraping-websites-with-javascript-enabled, line 1731: TypeError: StackExchange.ready is not a function
JavaScript error: https://stackoverflow.com/questions/3362859/scraping-websites-with-javascript-enabled, line 1959: TypeError: StackExchange.ready is not a function
JavaScript error: https://cdn.sstatic.net/Js/stub.en.js?v=8ade518a2301, line 1: ReferenceError: $ is not defined
JavaScript error: https://stackoverflow.com/questions/3362859/scraping-websites-with-javascript-enabled, line 39: TypeError: StackExchange.ready is not a function
JavaScript error: https://cdn.sstatic.net/Js/stub.en.js?v=8ade518a2301, line 1: ReferenceError: $ is not defined
JavaScript error: https://stackoverflow.com/questions/3362859/scraping-websites-with-javascript-enabled, line 281: TypeError: StackExchange.ready is not a function
JavaScript error: https://stackoverflow.com/questions/3362859/scraping-websites-with-javascript-enabled, line 337: TypeError: StackExchange.ready is not a function
JavaScript error: https://stackoverflow.com/questions/3362859/scraping-websites-with-javascript-enabled, line 344: TypeError: StackExchange.ready is not a function
JavaScript error: https://stackoverflow.com/questions/3362859/scraping-websites-with-javascript-enabled, line 1284: TypeError: StackExchange.ifUsing is not a function
JavaScript error: https://stackoverflow.com/questions/3362859/scraping-websites-with-javascript-enabled, line 1295: TypeError: StackExchange.ready is not a function
JavaScript error: https://stackoverflow.com/questions/3362859/scraping-websites-with-javascript-enabled, line 1364: TypeError: StackExchange.ready is not a function
JavaScript error: https://stackoverflow.com/questions/3362859/scraping-websites-with-javascript-enabled, line 1405: TypeError: StackExchange.ready is not a function
JavaScript error: https://stackoverflow.com/questions/3362859/scraping-websites-with-javascript-enabled, line 1731: TypeError: StackExchange.ready is not a function
JavaScript error: https://stackoverflow.com/questions/3362859/scraping-websites-with-javascript-enabled, line 1959: TypeError: StackExchange.ready is not a function
Unable to read VR Path Registry from C:\Users\I346330\AppData\Local\openvr\openvrpaths.vrpath
JavaScript error: https://cdn.sstatic.net/Js/stub.en.js?v=8ade518a2301, line 1: ReferenceError: $ is not defined
JavaScript error: https://stackoverflow.com/questions/13287490/is-there-a-way-to-use-phantomjs-in-python, line 41: TypeError: StackExchange.ready is not a function
JavaScript error: https://cdn.sstatic.net/Js/stub.en.js?v=8ade518a2301, line 1: ReferenceError: $ is not defined
JavaScript error: https://stackoverflow.com/questions/13287490/is-there-a-way-to-use-phantomjs-in-python, line 283: TypeError: StackExchange.ready is not a function
JavaScript error: https://stackoverflow.com/questions/13287490/is-there-a-way-to-use-phantomjs-in-python, line 339: TypeError: StackExchange.ready is not a function
JavaScript error: https://stackoverflow.com/questions/13287490/is-there-a-way-to-use-phantomjs-in-python, line 346: TypeError: StackExchange.ready is not a function
JavaScript error: https://stackoverflow.com/questions/13287490/is-there-a-way-to-use-phantomjs-in-python, line 1911: TypeError: StackExchange.ifUsing is not a function
JavaScript error: https://stackoverflow.com/questions/13287490/is-there-a-way-to-use-phantomjs-in-python, line 1922: TypeError: StackExchange.ready is not a function
JavaScript error: https://stackoverflow.com/questions/13287490/is-there-a-way-to-use-phantomjs-in-python, line 1991: TypeError: StackExchange.ready is not a function
JavaScript error: https://stackoverflow.com/questions/13287490/is-there-a-way-to-use-phantomjs-in-python, line 2032: TypeError: StackExchange.ready is not a function
JavaScript error: https://stackoverflow.com/questions/13287490/is-there-a-way-to-use-phantomjs-in-python, line 2137: TypeError: StackExchange.ready is not a function
JavaScript error: https://stackoverflow.com/questions/13287490/is-there-a-way-to-use-phantomjs-in-python, line 2398: TypeError: StackExchange.ready is not a function
JavaScript error: https://stackoverflow.com/questions/13287490/is-there-a-way-to-use-phantomjs-in-python, line 2626: TypeError: StackExchange.ready is not a function
JavaScript error: https://cdn.sstatic.net/Js/stub.en.js?v=8ade518a2301, line 1: ReferenceError: $ is not defined
JavaScript error: https://stackoverflow.com/questions/13960567/reading-dynamically-generated-web-pages-using-python, line 37: TypeError: StackExchange.ready is not a function
JavaScript error: https://cdn.sstatic.net/Js/stub.en.js?v=8ade518a2301, line 1: ReferenceError: $ is not defined
JavaScript error: https://stackoverflow.com/questions/13960567/reading-dynamically-generated-web-pages-using-python, line 279: TypeError: StackExchange.ready is not a function
JavaScript error: https://stackoverflow.com/questions/13960567/reading-dynamically-generated-web-pages-using-python, line 335: TypeError: StackExchange.ready is not a function
JavaScript error: https://stackoverflow.com/questions/13960567/reading-dynamically-generated-web-pages-using-python, line 342: TypeError: StackExchange.ready is not a function
JavaScript error: https://stackoverflow.com/questions/13960567/reading-dynamically-generated-web-pages-using-python, line 797: TypeError: StackExchange.ifUsing is not a function
JavaScript error: https://stackoverflow.com/questions/13960567/reading-dynamically-generated-web-pages-using-python, line 808: TypeError: StackExchange.ready is not a function
JavaScript error: https://stackoverflow.com/questions/13960567/reading-dynamically-generated-web-pages-using-python, line 877: TypeError: StackExchange.ready is not a function
JavaScript error: https://stackoverflow.com/questions/13960567/reading-dynamically-generated-web-pages-using-python, line 918: TypeError: StackExchange.ready is not a function
JavaScript error: https://stackoverflow.com/questions/13960567/reading-dynamically-generated-web-pages-using-python, line 1265: TypeError: StackExchange.ready is not a function
JavaScript error: https://stackoverflow.com/questions/13960567/reading-dynamically-generated-web-pages-using-python, line 1493: TypeError: StackExchange.ready is not a function
JavaScript error: https://cdn.sstatic.net/Js/stub.en.js?v=8ade518a2301, line 1: ReferenceError: $ is not defined
JavaScript error: https://stackoverflow.com/questions/13960567/reading-dynamically-generated-web-pages-using-python, line 37: TypeError: StackExchange.ready is not a function
JavaScript error: https://cdn.sstatic.net/Js/stub.en.js?v=8ade518a2301, line 1: ReferenceError: $ is not defined
JavaScript error: https://stackoverflow.com/questions/13960567/reading-dynamically-generated-web-pages-using-python, line 279: TypeError: StackExchange.ready is not a function
JavaScript error: https://stackoverflow.com/questions/13960567/reading-dynamically-generated-web-pages-using-python, line 335: TypeError: StackExchange.ready is not a function
JavaScript error: https://stackoverflow.com/questions/13960567/reading-dynamically-generated-web-pages-using-python, line 342: TypeError: StackExchange.ready is not a function
JavaScript error: https://stackoverflow.com/questions/13960567/reading-dynamically-generated-web-pages-using-python, line 797: TypeError: StackExchange.ifUsing is not a function
JavaScript error: https://stackoverflow.com/questions/13960567/reading-dynamically-generated-web-pages-using-python, line 808: TypeError: StackExchange.ready is not a function
JavaScript error: https://stackoverflow.com/questions/13960567/reading-dynamically-generated-web-pages-using-python, line 877: TypeError: StackExchange.ready is not a function
JavaScript error: https://stackoverflow.com/questions/13960567/reading-dynamically-generated-web-pages-using-python, line 918: TypeError: StackExchange.ready is not a function
JavaScript error: https://stackoverflow.com/questions/13960567/reading-dynamically-generated-web-pages-using-python, line 1265: TypeError: StackExchange.ready is not a function
JavaScript error: https://stackoverflow.com/questions/13960567/reading-dynamically-generated-web-pages-using-python, line 1493: TypeError: StackExchange.ready is not a function
JavaScript error: https://cdn.sstatic.net/Js/stub.en.js?v=8ade518a2301, line 1: ReferenceError: $ is not defined
JavaScript error: https://stackoverflow.com/questions/8960288/get-page-generated-with-javascript-in-python, line 39: TypeError: StackExchange.ready is not a function
JavaScript error: https://cdn.sstatic.net/Js/stub.en.js?v=8ade518a2301, line 1: ReferenceError: $ is not defined
JavaScript error: https://stackoverflow.com/questions/8960288/get-page-generated-with-javascript-in-python, line 281: TypeError: StackExchange.ready is not a function
JavaScript error: https://stackoverflow.com/questions/8960288/get-page-generated-with-javascript-in-python, line 337: TypeError: StackExchange.ready is not a function
JavaScript error: https://stackoverflow.com/questions/8960288/get-page-generated-with-javascript-in-python, line 344: TypeError: StackExchange.ready is not a function
JavaScript error: https://stackoverflow.com/questions/8960288/get-page-generated-with-javascript-in-python, line 756: TypeError: StackExchange.ifUsing is not a function
JavaScript error: https://stackoverflow.com/questions/8960288/get-page-generated-with-javascript-in-python, line 767: TypeError: StackExchange.ready is not a function
JavaScript error: https://stackoverflow.com/questions/8960288/get-page-generated-with-javascript-in-python, line 836: TypeError: StackExchange.ready is not a function
JavaScript error: https://stackoverflow.com/questions/8960288/get-page-generated-with-javascript-in-python, line 877: TypeError: StackExchange.ready is not a function
JavaScript error: https://stackoverflow.com/questions/8960288/get-page-generated-with-javascript-in-python, line 1224: TypeError: StackExchange.ready is not a function
JavaScript error: https://stackoverflow.com/questions/8960288/get-page-generated-with-javascript-in-python, line 1452: TypeError: StackExchange.ready is not a function
JavaScript error: https://cdn.sstatic.net/Js/stub.en.js?v=8ade518a2301, line 1: ReferenceError: $ is not defined
JavaScript error: https://stackoverflow.com/questions/13960567/reading-dynamically-generated-web-pages-using-python, line 37: TypeError: StackExchange.ready is not a function
JavaScript error: https://cdn.sstatic.net/Js/stub.en.js?v=8ade518a2301, line 1: ReferenceError: $ is not defined
JavaScript error: https://stackoverflow.com/questions/13960567/reading-dynamically-generated-web-pages-using-python, line 279: TypeError: StackExchange.ready is not a function
JavaScript error: https://stackoverflow.com/questions/13960567/reading-dynamically-generated-web-pages-using-python, line 335: TypeError: StackExchange.ready is not a function
JavaScript error: https://stackoverflow.com/questions/13960567/reading-dynamically-generated-web-pages-using-python, line 342: TypeError: StackExchange.ready is not a function
JavaScript error: https://stackoverflow.com/questions/13960567/reading-dynamically-generated-web-pages-using-python, line 797: TypeError: StackExchange.ifUsing is not a function
JavaScript error: https://stackoverflow.com/questions/13960567/reading-dynamically-generated-web-pages-using-python, line 808: TypeError: StackExchange.ready is not a function
JavaScript error: https://stackoverflow.com/questions/13960567/reading-dynamically-generated-web-pages-using-python, line 877: TypeError: StackExchange.ready is not a function
JavaScript error: https://stackoverflow.com/questions/13960567/reading-dynamically-generated-web-pages-using-python, line 918: TypeError: StackExchange.ready is not a function
JavaScript error: https://stackoverflow.com/questions/13960567/reading-dynamically-generated-web-pages-using-python, line 1265: TypeError: StackExchange.ready is not a function
JavaScript error: https://stackoverflow.com/questions/13960567/reading-dynamically-generated-web-pages-using-python, line 1493: TypeError: StackExchange.ready is not a function
JavaScript error: resource://devtools/shared/base-loader.js -> resource://devtools/server/actors/tab.js, line 1420: TypeError: this._tabPool is null
JavaScript error: resource://devtools/shared/base-loader.js -> resource://devtools/server/actors/tab.js, line 1420: TypeError: this._tabPool is null
JavaScript error: resource://devtools/shared/base-loader.js -> resource://devtools/server/actors/tab.js, line 1420: TypeError: this._tabPool is null
JavaScript error: resource://devtools/shared/base-loader.js -> resource://devtools/server/actors/tab.js, line 1420: TypeError: this._tabPool is null
JavaScript error: resource://devtools/shared/base-loader.js -> resource://devtools/server/actors/tab.js, line 1420: TypeError: this._tabPool is null
JavaScript error: resource://devtools/shared/base-loader.js -> resource://devtools/server/actors/tab.js, line 1420: TypeError: this._tabPool is null
JavaScript error: resource://devtools/shared/base-loader.js -> resource://devtools/server/actors/tab.js, line 1420: TypeError: this._tabPool is null
JavaScript error: resource://devtools/shared/base-loader.js -> resource://devtools/server/actors/tab.js, line 1420: TypeError: this._tabPool is null
JavaScript error: resource://devtools/shared/base-loader.js -> resource://devtools/server/actors/tab.js, line 1420: TypeError: this._tabPool is null
JavaScript error: resource://devtools/shared/base-loader.js -> resource://devtools/server/actors/tab.js, line 1420: TypeError: this._tabPool is null
JavaScript error: resource://devtools/shared/base-loader.js -> resource://devtools/server/actors/tab.js, line 1420: TypeError: this._tabPool is null
JavaScript error: resource://devtools/shared/base-loader.js -> resource://devtools/server/actors/tab.js, line 1420: TypeError: this._tabPool is null
JavaScript error: resource://devtools/shared/base-loader.js -> resource://devtools/server/actors/tab.js, line 1420: TypeError: this._tabPool is null
JavaScript error: resource://devtools/shared/base-loader.js -> resource://devtools/server/actors/tab.js, line 1420: TypeError: this._tabPool is null
JavaScript error: resource://devtools/shared/base-loader.js -> resource://devtools/server/actors/tab.js, line 1420: TypeError: this._tabPool is null
JavaScript error: resource://devtools/shared/base-loader.js -> resource://devtools/server/actors/tab.js, line 1420: TypeError: this._tabPool is null
JavaScript error: resource://devtools/shared/base-loader.js -> resource://devtools/server/actors/tab.js, line 1420: TypeError: this._tabPool is null
JavaScript error: resource://devtools/shared/base-loader.js -> resource://devtools/server/actors/tab.js, line 1420: TypeError: this._tabPool is null
JavaScript error: resource://devtools/shared/base-loader.js -> resource://devtools/server/actors/tab.js, line 1420: TypeError: this._tabPool is null
JavaScript error: resource://devtools/shared/base-loader.js -> resource://devtools/server/actors/tab.js, line 1420: TypeError: this._tabPool is null
JavaScript error: resource://devtools/shared/base-loader.js -> resource://devtools/server/actors/tab.js, line 1420: TypeError: this._tabPool is null
JavaScript error: resource://devtools/shared/base-loader.js -> resource://devtools/server/actors/tab.js, line 1420: TypeError: this._tabPool is null
JavaScript error: resource://devtools/shared/base-loader.js -> resource://devtools/server/actors/tab.js, line 1420: TypeError: this._tabPool is null
JavaScript error: resource://devtools/shared/base-loader.js -> resource://devtools/server/actors/tab.js, line 1420: TypeError: this._tabPool is null
JavaScript error: resource://devtools/shared/base-loader.js -> resource://devtools/server/actors/tab.js, line 1420: TypeError: this._tabPool is null
JavaScript error: resource://devtools/shared/base-loader.js -> resource://devtools/server/actors/tab.js, line 1420: TypeError: this._tabPool is null
JavaScript error: resource://devtools/shared/base-loader.js -> resource://devtools/server/actors/tab.js, line 1420: TypeError: this._tabPool is null
JavaScript error: resource://devtools/shared/base-loader.js -> resource://devtools/server/actors/tab.js, line 1420: TypeError: this._tabPool is null
JavaScript error: http://testlink.ariba.com/third_party/ext-2.0/ext-all.js, line 58: TypeError: this.el is null
JavaScript error: resource://devtools/shared/base-loader.js -> resource://devtools/server/actors/inspector.js, line 1044: TypeError: this._refMap is null
JavaScript error: http://testlink.ariba.com/gui/javascript/multiselect_tree.js, line 78: TypeError: parent.treeframe is undefined
[Parent 12760, Gecko_IOThread] WARNING: pipe error: 109: file z:/build/build/src/ipc/chromium/src/chrome/common/ipc_channel_win.cc, line 346
JavaScript error: https://qsbr.ec.quoracdn.net/-3-chunk.web.main.js.out-34-f10e8d785437156c.webpack, line 11: NS_ERROR_NOT_INITIALIZED: 
[Parent 12760, Gecko_IOThread] WARNING: pipe error: 109: file z:/build/build/src/ipc/chromium/src/chrome/common/ipc_channel_win.cc, line 346
[Parent 12760, Gecko_IOThread] WARNING: pipe error: 109: file z:/build/build/src/ipc/chrUnable to read VR Path Registry from C:\Users\I346330\AppData\Local\openvr\openvrpaths.vrpath
[Child 7260, Chrome_ChildThread] WARNING: pipe error: 109: file z:/build/build/src/ipc/chromium/src/chrome/common/ipc_channel_win.cc, line 346
Unable to read VR Path Registry from C:\Users\I346330\AppData\Local\openvr\openvrpaths.vrpath
[Parent 21176, Gecko_IOThread] WARNING: pipe error: 109: file z:/build/build/src/ipc/chromium/src/chrome/common/ipc_channel_win.cc, line 346
[Parent 21176, Gecko_IOThread] WARUnable to read VR Path Registry from C:\Users\I346330\AppData\Local\openvr\openvrpaths.vrpath
[Child 6424, Chrome_ChildThread] WARNING: pipe error: 109: file z:/build/build/src/ipc/chromium/src/chrome/common/ipc_channel_win.cc, line 346
Unable to read VR Path Registry from C:\Users\I346330\AppData\Local\openvr\openvrpaths.vrpath
[Child 2436, Chrome_ChildThread] WARNING: pipe error: 109: file z:/build/build/src/ipc/chromium/src/chrome/common/ipc_channel_win.cc, line 346
Unable to read VR Path Registry from C:\Users\I346330\AppData\Local\openvr\openvrpaths.vrpath
[Parent 21552, Gecko_IOThread] WARNING: pipe error: 109: file z:/build/build/src/ipc/chromium/src/chrome/common/ipc_channel_win.cc, line 346

###!!! [Child][MessageChannel::SendAndWait] Error: Channel error: cannot send/recv

ette
1518077279112	Marionette	INFO	Listening on port 53633
1518077279776	Marionette	WARN	TLS certificate errors will be ignored for this session
Unable to read VR Path Registry from C:\Users\I346330\AppData\Local\openvr\openvrpaths.vrpath
[Parent 10992, Gecko_IOThread] WARNING: pipe error: 109: file z:/build/build/src/ipc/chromium/src/chrome/common/ipc_channel_win.cc, line 346
Unable to read VR Path Registry from C:\Users\I346330\AppData\Local\openvr\openvrpaths.vrpath
[Child 632, Chrome_ChildThread] WARNING: pipe error: 109: file z:/build/build/src/ipc/chromium/src/chrome/common/ipc_channel_win.cc, line 346

###!!! [Child][MessageChannel::SendAndWait] Error: Channel error: cannot send/recv

1518077513566	geckodriver	INFO	geckodriver 0.19.1
1518077513591	geckodriver	INFO	Listening on 127.0.0.1:54049
1518077516634	mozrunner::runner	INFO	Running command: "C:\\Program Files\\Mozilla Firefox\\firefox.exe" "-marionette" "-profile" "C:\\Users\\I346330\\AppData\\Local\\Temp\\rust_mozprofile.P425uRApJ32w"
1518077517377	Marionette	INFO	Enabled via --marionette
1518077519236	Marionette	INFO	Listening on port 54061
1518077519791	Marionette	WARN	TLS certificate errors will be ignored for this session
Unable to read VR Path Registry from C:\Users\I346330\AppData\Local\openvr\openvrpaths.vrpath
[Child 7060, Chrome_ChildThread] WARNING: pipe error: 109: file z:/build/build/src/ipc/chromium/src/chrome/common/ipc_channel_win.cc, line 346
[Child 7060, Chrome_ChildThread] WARNING: pipe error: 109: file z:/build/build/src/ipc/chromium/src/chrome/common/ipc_channel_win.cc, line 346
Unable to read VR Path Registry from C:\Users\I346330\AppData\Local\openvr\openvrpaths.vrpath
[Parent 18524, Gecko_IOThread] WARNING: pipe error: 109: file z:/build/build/src/ipc/chromium/src/chrome/common/ipc_channel_win.cc, line 346
Unable to read VR Path Registry from C:\Users\I346330\AppData\Local\openvr\openvrpaths.vrpath
[Child 19860, Chrome_ChildThread] WARNING: pipe error: 109: file z:/build/build/src/ipc/chromium/src/chrome/common/ipc_channel_win.cc, line 346
[Parent 18524, Gecko_IOThread] WARNING: pipe error: 109: file z:/build/build/src/ipc/chromium/src/chrome/common/ipc_channel_win.cc, line 346

###!!! [Child][MessageChannel::SendAndWait] Error: Channel error: cannot send/recv

1518077694753	geckodriver	INFO	geckodriver 0.19.1
1518077694773	geckodriver	INFO	Listening on 127.0.0.1:54461
1518077697836	mozrunner::runner	INFO	Running command: "C:\\Program Files\\Mozilla Firefox\\firefox.exe" "-marionette" "-profile" "C:\\Users\\I346330\\AppData\\Local\\Temp\\rust_mozprofile.kupLQ8n2oZLH"
1518077698400	Marionette	INFO	Enabled via --marionette
1518077700121	Marionette	INFO	Listening on port 54475
1518077700988	Marionette	WARN	TLS certificate errors will be ignored for this session
Unable to read VR Path Registry from C:\Users\I346330\AppData\Local\openvr\openvrpaths.vrpath
[Child 20416, Chrome_ChildThread] WARNING: pipe error: 109: file z:/build/build/src/ipc/chromium/src/chrome/common/ipc_channel_win.cc, line 346
[Child 20416, Chrome_ChildThread] WARNING: pipe error: 109: file z:/build/build/src/ipc/chromium/src/chrome/common/ipc_channel_win.cc, line 346
Unable to read VR Path Registry from C:\Users\I346330\AppData\Local\openvr\openvrpaths.vrpath
[Parent 21412, Gecko_IOThread] WARNING: pipe error: 109: file z:/build/build/src/ipc/chromium/src/chrome/common/ipc_channel_win.cc, line 346
Unable to read VR Path Registry from C:\Users\I346330\AppData\Local\openvr\openvrpaths.vrpath
[GPU 7008, Chrome_ChildThread] WARNING: pipe error: 109: file z:/build/build/src/ipc/chromium/src/chrome/common/ipc_channel_win.cc, line 346

###!!! [Child][MessageChannel::SendAndWait] Error: Channel error: cannot send/recv

1518078289920	geckodriver	INFO	geckodriver 0.19.1
1518078289943	geckodriver	INFO	Listening on 127.0.0.1:55427
1518078293006	mozrunner::runner	INFO	Running command: "C:\\Program Files\\Mozilla Firefox\\firefox.exe" "-marionette" "-profile" "C:\\Users\\I346330\\AppData\\Local\\Temp\\rust_mozprofile.hM4SuFDOukin"
1518078293722	Marionette	INFO	Enabled via --marionette
1518078295477	Marionette	INFO	Listening on port 55439
1518078296223	Marionette	WARN	TLS certificate errors will be ignored for this session
*************************
A coding exception was thrown in a Promise resolution callback.
See https://developer.mozilla.org/Mozilla/JavaScript_code_modules/Promise.jsm/Promise

Full message: TypeError: container is undefined
Full stack: _updateChildren@resource://devtools/shared/base-loader.js -> resource://devtools/client/inspector/markup/markup.js:1596:5
_expandContainer@resource://devtools/shared/base-loader.js -> resource://devtools/client/inspector/markup/markup.js:1151:12
_expandAll@resource://devtools/shared/base-loader.js -> resource://devtools/client/inspector/markup/markup.js:1176:12
_expandAll/<@resource://devtools/shared/base-loader.js -> resource://devtools/client/inspector/markup/markup.js:1180:23
process@resource://gre/modules/Promise.jsm -> resource://gre/modules/Promise-backend.js:922:23
walkerLoop@resource://gre/modules/Promise.jsm -> resource://gre/modules/Promise-backend.js:806:7
scheduleWalkerLoop/<@resource://gre/modules/Promise.jsm -> resource://gre/modules/Promise-backend.js:742:11

*************************
console.error: 
  Message: TypeError: container is undefined
  Stack:
    _updateChildren@resource://devtools/shared/base-loader.js -> resource://devtools/client/inspector/markup/markup.js:1596:5
_expandContainer@resource://devtools/shared/base-loader.js -> resource://devtools/client/inspector/markup/markup.js:1151:12
_expandAll@resource://devtools/shared/base-loader.js -> resource://devtools/client/inspector/markup/markup.js:1176:12
_expandAll/<@resource://devtools/shared/base-loader.js -> resource://devtools/client/inspector/markup/markup.js:1180:23
process@resource://gre/modules/Promise.jsm -> resource://gre/modules/Promise-backend.js:922:23
walkerLoop@resource://gre/modules/Promise.jsm -> resource://gre/modules/Promise-backend.js:806:7
scheduleWalkerLoop/<@resource://gre/modules/Promise.jsm -> resource://gre/modules/Promise-backend.js:742:11

Unable to read VR Path Registry from C:\Users\I346330\AppData\Local\openvr\openvrpaths.vrpath
[Child 16028, Chrome_ChildThread] WARNING: pipe error: 109: file z:/build/build/src/ipc/chromium/src/chrome/common/ipc_channel_win.cc, line 346
Unable to read VR Path Registry from C:\Users\I346330\AppData\Local\openvr\openvrpaths.vrpath
[Child 22372, Chrome_ChildThread] WARNING: pipe error: 109: file z:/build/build/src/ipc/chromium/src/chrome/common/ipc_channel_win.cc, line 346

###!!! [Child][MessageChannel::SendAndWait] Error: Channel error: cannot send/recv

1518157026338	geckodriver	INFO	geckodriver 0.19.1
1518157026375	geckodriver	INFO	Listening on 127.0.0.1:50703
1518157029471	mozrunner::runner	INFO	Running command: "C:\\Program Files\\Mozilla Firefox\\firefox.exe" "-marionette" "-profile" "C:\\Users\\I346330\\AppData\\Local\\Temp\\rust_mozprofile.MHGTAHRj9P0f"
1518157060457	geckodriver	INFO	geckodriver 0.19.1
1518157060478	geckodriver	INFO	Listening on 127.0.0.1:50784
1518157063629	mozrunner::runner	INFO	Running command: "C:\\Program Files\\Mozilla Firefox\\firefox.exe" "-marionette" "-profile" "C:\\Users\\I346330\\AppData\\Local\\Temp\\rust_mozprofile.K53boBTAgVX4"
1518157064585	Marionette	INFO	Enabled via --marionette
1518157066587	Marionette	INFO	Listening on port 50796
1518157066772	Marionette	WARN	TLS certificate errors will be ignored for this session
Unable to read VR Path Registry from C:\Users\I346330\AppData\Local\openvr\openvrpaths.vrpath
JavaScript error: https://software.microfocus.com/js/client.js, line 1: Error: Minified React error #37; visit http://facebook.github.io/react/docs/error-decoder.html?invariant=37 for the full message or use the non-minified dev environment for full errors and additional helpful warnings.
JavaScript error: https://software.microfocus.com/en-us/products/unified-functional-automated-testing/overview, line 4: ReferenceError: gtmYTplayers is not defined
Unable to read VR Path Registry from C:\Users\I346330\AppData\Local\openvr\openvrpaths.vrpath
[Parent 21028, Gecko_IOThread] WARNING: pipe error: 109: file z:/build/build/src/ipc/chromium/src/chrome/common/ipc_channel_win.cc, line 346
[Child 20236, Chrome_ChildThread] WARNING: pipe error: 109: file z:/build/build/src/ipc/chromium/src/chrome/common/ipc_channel_win.cc, line 346
[Child 20236, Chrome_ChildThread] WARNING: pipe error: 109: file z:/build/build/src/ipc/chromium/src/chrome/common/ipc_channel_win.cc, line 346
Unable to read VR Path Registry from C:\Users\I346330\AppData\Local\openvr\openvrpaths.vrpath
[Child 16540, Chrome_ChildThread] WARNING: pipe error: 109: file z:/build/build/src/ipc/chromium/src/chrome/common/ipc_channel_win.cc, line 346
[Parent 21028, Gecko_IOThread] WARNING: pipe error: 109: file z:/build/build/src/ipc/chromium/src/chrome/common/ipc_channel_win.cc, line 346

###!!! [Child][MessageChannel::SendAndWait] Error: Channel error: cannot send/recv

